<?xml version="1.0" encoding="UTF-8"?>
<!-- Generated by org.testng.reporters.JUnitReportReporter -->
<testsuite skipped="0" hostname="DESKTOP-UVENGDO" name="GroupCalc.Calculator.test.PressAllButtons" tests="2" failures="0" timestamp="01 ноя 2017 13:49:11 GMT" time="5.180" errors="0">
  <testcase name="pressZero" time="0.686" classname="GroupCalc.Calculator.test.PressAllButtons"/>
  <testcase name="pressFromOneToNine" time="4.494" classname="GroupCalc.Calculator.test.PressAllButtons"/>
</testsuite> <!-- GroupCalc.Calculator.test.PressAllButtons -->
