<?xml version="1.0" encoding="UTF-8"?>
<!-- Generated by org.testng.reporters.JUnitReportReporter -->
<testsuite skipped="0" hostname="DESKTOP-UVENGDO" name="max" tests="1" failures="0" timestamp="30 окт 2017 07:29:50 GMT" time="0.007" errors="0">
  <testcase name="f" time="0.007" classname="max"/>
</testsuite> <!-- max -->
