<?xml version="1.0" encoding="UTF-8"?>
<!-- Generated by org.testng.reporters.JUnitReportReporter -->
<testsuite skipped="0" hostname="DESKTOP-UVENGDO" name="GroupCalc.Calculator.test.PlusNegativeOperands" tests="1" failures="0" timestamp="09 окт 2017 13:25:03 GMT" time="42.204" errors="0">
  <testcase name="f" time="42.204" classname="GroupCalc.Calculator.test.PlusNegativeOperands"/>
</testsuite> <!-- GroupCalc.Calculator.test.PlusNegativeOperands -->
