<?xml version="1.0" encoding="UTF-8"?>
<!-- Generated by org.testng.reporters.JUnitReportReporter -->
<testsuite skipped="0" hostname="DenisPC" name="GroupCalc.Calculator.test.SmokeWithAnyDigits" tests="2" failures="0" timestamp="23 сен 2017 18:30:16 GMT" time="8.618" errors="0">
  <testcase name="smokeWithAnyDigits" time="5.186" classname="GroupCalc.Calculator.test.SmokeWithAnyDigits"/>
  <testcase name="smokeWithAnySign" time="3.432" classname="GroupCalc.Calculator.test.SmokeWithAnyDigits"/>
</testsuite> <!-- GroupCalc.Calculator.test.SmokeWithAnyDigits -->
