<?xml version="1.0" encoding="UTF-8"?>
<!-- Generated by org.testng.reporters.JUnitReportReporter -->
<testsuite skipped="0" hostname="DenisPC" name="GroupCalc.Calculator.test.PlusTest" tests="1" failures="0" timestamp="24 сен 2017 10:27:31 GMT" time="0.948" errors="0">
  <testcase name="smokePlus" time="0.948" classname="GroupCalc.Calculator.test.PlusTest"/>
</testsuite> <!-- GroupCalc.Calculator.test.PlusTest -->
