<?xml version="1.0" encoding="UTF-8"?>
<!-- Generated by org.testng.reporters.JUnitReportReporter -->
<testsuite skipped="0" hostname="DenisPC" name="GroupCalc.Calculator.test.UniversalSmoke" tests="5" failures="0" timestamp="24 сен 2017 08:33:11 GMT" time="3.700" errors="0">
  <testcase name="smokePlus" time="1.419" classname="GroupCalc.Calculator.test.UniversalSmoke"/>
  <testcase name="smokeMinus" time="0.619" classname="GroupCalc.Calculator.test.UniversalSmoke"/>
  <testcase name="smokeDev" time="0.573" classname="GroupCalc.Calculator.test.UniversalSmoke"/>
  <testcase name="smokeMul" time="0.552" classname="GroupCalc.Calculator.test.UniversalSmoke"/>
  <testcase name="typeTest" time="0.537" classname="GroupCalc.Calculator.test.UniversalSmoke"/>
</testsuite> <!-- GroupCalc.Calculator.test.UniversalSmoke -->
