<?xml version="1.0" encoding="UTF-8"?>
<!-- Generated by org.testng.reporters.JUnitReportReporter -->
<testsuite skipped="0" hostname="DESKTOP-UVENGDO" name="GroupCalc.Calculator.Generator.Generator" tests="1" failures="0" timestamp="09 окт 2017 06:46:16 GMT" time="0.382" errors="0">
  <testcase name="f" time="0.382" classname="GroupCalc.Calculator.Generator.Generator"/>
</testsuite> <!-- GroupCalc.Calculator.Generator.Generator -->
