<?xml version="1.0" encoding="UTF-8"?>
<!-- Generated by org.testng.reporters.JUnitReportReporter -->
<testsuite skipped="0" hostname="DESKTOP-UVENGDO" name="GroupCalc.Calculator.test.Plus2Operands" tests="1" failures="0" timestamp="10 окт 2017 14:38:16 GMT" time="40.592" errors="0">
  <testcase name="testPlus2Operands" time="40.592" classname="GroupCalc.Calculator.test.Plus2Operands"/>
</testsuite> <!-- GroupCalc.Calculator.test.Plus2Operands -->
