<?xml version="1.0" encoding="UTF-8"?>
<!-- Generated by org.testng.reporters.JUnitReportReporter -->
<testsuite skipped="0" hostname="DESKTOP-UVENGDO" name="GroupCalc.Calculator.test.PlusTestEx" tests="1" failures="0" timestamp="29 сен 2017 07:17:16 GMT" time="4.590" errors="0">
  <testcase name="f" time="4.590" classname="GroupCalc.Calculator.test.PlusTestEx"/>
</testsuite> <!-- GroupCalc.Calculator.test.PlusTestEx -->
