<?xml version="1.0" encoding="UTF-8"?>
<!-- Generated by org.testng.reporters.JUnitReportReporter -->
<testsuite skipped="0" hostname="DESKTOP-UVENGDO" name="GroupCalc.Calculator.test.Smoke" tests="1" failures="0" timestamp="10 окт 2017 14:38:16 GMT" time="1.373" errors="0">
  <testcase name="smokeTest" time="1.373" classname="GroupCalc.Calculator.test.Smoke"/>
</testsuite> <!-- GroupCalc.Calculator.test.Smoke -->
