<?xml version="1.0" encoding="UTF-8"?>
<!-- Generated by org.testng.reporters.JUnitReportReporter -->
<testsuite skipped="0" hostname="DESKTOP-UVENGDO" name="GroupCalc.Calculator.test.Minus2Operands" tests="1" failures="0" timestamp="30 окт 2017 09:03:43 GMT" time="39.771" errors="0">
  <testcase name="testMinus2Operands" time="39.771" classname="GroupCalc.Calculator.test.Minus2Operands"/>
</testsuite> <!-- GroupCalc.Calculator.test.Minus2Operands -->
