<?xml version="1.0" encoding="UTF-8"?>
<!-- Generated by org.testng.reporters.JUnitReportReporter -->
<testsuite skipped="0" hostname="DenisPC" name="GroupCalc.Calculator.test.UniversalSmoke" tests="4" failures="0" timestamp="23 сен 2017 18:35:11 GMT" time="17.929" errors="0">
  <testcase name="smokePlus" time="5.439" classname="GroupCalc.Calculator.test.UniversalSmoke"/>
  <testcase name="smokeMinus" time="4.212" classname="GroupCalc.Calculator.test.UniversalSmoke"/>
  <testcase name="smokeDev" time="4.399" classname="GroupCalc.Calculator.test.UniversalSmoke"/>
  <testcase name="smokeMul" time="3.879" classname="GroupCalc.Calculator.test.UniversalSmoke"/>
</testsuite> <!-- GroupCalc.Calculator.test.UniversalSmoke -->
