<?xml version="1.0" encoding="UTF-8"?>
<!-- Generated by org.testng.reporters.JUnitReportReporter -->
<testsuite skipped="0" hostname="DESKTOP-UVENGDO" name="GroupCalc.Calculator.test.Div2Operands" tests="1" failures="0" timestamp="01 ноя 2017 11:30:07 GMT" time="46.956" errors="0">
  <testcase name="testMinus2Operands" time="46.956" classname="GroupCalc.Calculator.test.Div2Operands"/>
</testsuite> <!-- GroupCalc.Calculator.test.Div2Operands -->
