<?xml version="1.0" encoding="UTF-8"?>
<!-- Generated by org.testng.reporters.JUnitReportReporter -->
<testsuite skipped="0" hostname="DESKTOP-UVENGDO" name="GroupCalc.Calculator.test.PressAllButtons" tests="2" failures="0" timestamp="09 окт 2017 14:01:01 GMT" time="5.810" errors="0">
  <testcase name="pressZero" time="1.081" classname="GroupCalc.Calculator.test.PressAllButtons"/>
  <testcase name="pressFromOneToNine" time="4.729" classname="GroupCalc.Calculator.test.PressAllButtons"/>
</testsuite> <!-- GroupCalc.Calculator.test.PressAllButtons -->
