<?xml version="1.0" encoding="UTF-8"?>
<!-- Generated by org.testng.reporters.JUnitReportReporter -->
<testsuite skipped="0" hostname="DESKTOP-UVENGDO" name="GroupCalc.Calculator.test.Plus2Operands" tests="1" failures="0" timestamp="01 ноя 2017 13:49:11 GMT" time="36.138" errors="0">
  <testcase name="testPlus2Operands" time="36.138" classname="GroupCalc.Calculator.test.Plus2Operands"/>
</testsuite> <!-- GroupCalc.Calculator.test.Plus2Operands -->
