<?xml version="1.0" encoding="UTF-8"?>
<!-- Generated by org.testng.reporters.JUnitReportReporter -->
<testsuite skipped="0" hostname="DenisPC" name="GroupCalc.Calculator.Generator.PlusNegativeOperands" tests="1" failures="0" timestamp="08 окт 2017 08:22:34 GMT" time="0.249" errors="0">
  <testcase name="f" time="0.249" classname="GroupCalc.Calculator.Generator.PlusNegativeOperands"/>
</testsuite> <!-- GroupCalc.Calculator.Generator.PlusNegativeOperands -->
