<?xml version="1.0" encoding="UTF-8"?>
<!-- Generated by org.testng.reporters.JUnitReportReporter -->
<testsuite skipped="0" hostname="DenisPC" name="GroupCalc.Calculator.test.PlusTestEx" tests="1" failures="0" timestamp="01 окт 2017 09:36:49 GMT" time="3.015" errors="0">
  <testcase name="f" time="3.015" classname="GroupCalc.Calculator.test.PlusTestEx"/>
</testsuite> <!-- GroupCalc.Calculator.test.PlusTestEx -->
