<?xml version="1.0" encoding="UTF-8"?>
<!-- Generated by org.testng.reporters.JUnitReportReporter -->
<testsuite skipped="0" hostname="DESKTOP-UVENGDO" name="GroupCalc.Calculator.test.Mult2Operands" tests="1" failures="0" timestamp="01 ноя 2017 13:49:11 GMT" time="37.761" errors="0">
  <testcase name="testMinus2Operands" time="37.761" classname="GroupCalc.Calculator.test.Mult2Operands"/>
</testsuite> <!-- GroupCalc.Calculator.test.Mult2Operands -->
