<?xml version="1.0" encoding="UTF-8"?>
<!-- Generated by org.testng.reporters.JUnitReportReporter -->
<testsuite skipped="0" hostname="DESKTOP-UVENGDO" name="GroupCalc.Calculator.test.Smoke" tests="1" failures="0" timestamp="22 сен 2017 08:09:17 GMT" time="14.240" errors="0">
  <testcase name="testCntactCreation" time="14.240" classname="GroupCalc.Calculator.test.Smoke"/>
</testsuite> <!-- GroupCalc.Calculator.test.Smoke -->
