<?xml version="1.0" encoding="UTF-8"?>
<!-- Generated by org.testng.reporters.JUnitReportReporter -->
<testsuite skipped="0" hostname="DESKTOP-UVENGDO" name="GroupCalc.Calculator.test.DevZero" tests="1" failures="0" timestamp="31 окт 2017 14:17:12 GMT" time="3.571" errors="0">
  <testcase name="first" time="3.571" classname="GroupCalc.Calculator.test.DevZero"/>
</testsuite> <!-- GroupCalc.Calculator.test.DevZero -->
