<?xml version="1.0" encoding="UTF-8"?>
<!-- Generated by org.testng.reporters.JUnitReportReporter -->
<testsuite skipped="0" hostname="DESKTOP-UVENGDO" name="GroupCalc.Calculator.test.PlusTest2Operands" tests="1" failures="0" timestamp="09 окт 2017 13:30:31 GMT" time="39.231" errors="0">
  <testcase name="f" time="39.231" classname="GroupCalc.Calculator.test.PlusTest2Operands"/>
</testsuite> <!-- GroupCalc.Calculator.test.PlusTest2Operands -->
