<?xml version="1.0" encoding="UTF-8"?>
<!-- Generated by org.testng.reporters.JUnitReportReporter -->
<testsuite skipped="0" hostname="DenisPC" name="GroupCalc.Calculator.test.Smoke" tests="1" failures="0" timestamp="23 сен 2017 17:39:10 GMT" time="4.048" errors="0">
  <testcase name="testCntactCreation" time="4.048" classname="GroupCalc.Calculator.test.Smoke"/>
</testsuite> <!-- GroupCalc.Calculator.test.Smoke -->
