<?xml version="1.0" encoding="UTF-8"?>
<!-- Generated by org.testng.reporters.JUnitReportReporter -->
<testsuite skipped="0" hostname="DESKTOP-UVENGDO" name="GroupCalc.Calculator.test.Alert" tests="1" failures="0" timestamp="01 ноя 2017 08:22:50 GMT" time="11.392" errors="0">
  <testcase name="exAl" time="11.392" classname="GroupCalc.Calculator.test.Alert"/>
</testsuite> <!-- GroupCalc.Calculator.test.Alert -->
