<?xml version="1.0" encoding="UTF-8"?>
<!-- Generated by org.testng.reporters.JUnitReportReporter -->
<testsuite skipped="0" hostname="DESKTOP-UVENGDO" name="GroupCalc.Calculator.test.Mult2Operands" tests="1" failures="0" timestamp="11 окт 2017 14:38:01 GMT" time="39.368" errors="0">
  <testcase name="testMinus2Operands" time="39.368" classname="GroupCalc.Calculator.test.Mult2Operands"/>
</testsuite> <!-- GroupCalc.Calculator.test.Mult2Operands -->
