<?xml version="1.0" encoding="UTF-8"?>
<!-- Generated by org.testng.reporters.JUnitReportReporter -->
<testsuite skipped="0" hostname="DESKTOP-UVENGDO" name="GroupCalc.Calculator.test.DevZero" tests="1" failures="0" timestamp="12 окт 2017 12:07:21 GMT" time="3.382" errors="0">
  <testcase name="f" time="3.382" classname="GroupCalc.Calculator.test.DevZero"/>
</testsuite> <!-- GroupCalc.Calculator.test.DevZero -->
