<?xml version="1.0" encoding="UTF-8"?>
<!-- Generated by org.testng.reporters.JUnitReportReporter -->
<testsuite skipped="0" hostname="DESKTOP-UVENGDO" name="GroupCalc.Calculator.test.DevZero" tests="1" failures="0" timestamp="13 окт 2017 07:24:39 GMT" time="1.099" errors="0">
  <testcase name="f" time="1.099" classname="GroupCalc.Calculator.test.DevZero"/>
</testsuite> <!-- GroupCalc.Calculator.test.DevZero -->
