<?xml version="1.0" encoding="UTF-8"?>
<!-- Generated by org.testng.reporters.JUnitReportReporter -->
<testsuite skipped="0" hostname="DESKTOP-UVENGDO" name="GroupCalc.Calculator.test.PressAllButtons" tests="1" failures="0" timestamp="09 окт 2017 13:47:29 GMT" time="4.475" errors="0">
  <testcase name="smokePlus" time="4.475" classname="GroupCalc.Calculator.test.PressAllButtons"/>
</testsuite> <!-- GroupCalc.Calculator.test.PressAllButtons -->
