<?xml version="1.0" encoding="UTF-8"?>
<!-- Generated by org.testng.reporters.JUnitReportReporter -->
<testsuite skipped="0" hostname="DenisPC" name="GroupCalc.Calculator.test.PlusTest" tests="1" failures="0" timestamp="01 окт 2017 09:30:49 GMT" time="0.808" errors="0">
  <testcase name="smokePlus" time="0.808" classname="GroupCalc.Calculator.test.PlusTest"/>
</testsuite> <!-- GroupCalc.Calculator.test.PlusTest -->
