<?xml version="1.0" encoding="UTF-8"?>
<!-- Generated by org.testng.reporters.JUnitReportReporter -->
<testsuite skipped="0" hostname="DESKTOP-UVENGDO" name="GroupCalc.Calculator.test.UniversalSmoke" tests="1" failures="0" timestamp="29 сен 2017 08:05:42 GMT" time="2.093" errors="0">
  <testcase name="smokePlus" time="2.093" classname="GroupCalc.Calculator.test.UniversalSmoke"/>
</testsuite> <!-- GroupCalc.Calculator.test.UniversalSmoke -->
