<?xml version="1.0" encoding="UTF-8"?>
<!-- Generated by org.testng.reporters.JUnitReportReporter -->
<testsuite skipped="0" hostname="DenisPC" name="GroupCalc.Calculator.test.PlusNegativeOperands" tests="1" failures="0" timestamp="01 окт 2017 10:04:26 GMT" time="2.214" errors="0">
  <testcase name="f" time="2.214" classname="GroupCalc.Calculator.test.PlusNegativeOperands"/>
</testsuite> <!-- GroupCalc.Calculator.test.PlusNegativeOperands -->
