<?xml version="1.0" encoding="UTF-8"?>
<!-- Generated by org.testng.reporters.JUnitReportReporter -->
<testsuite skipped="0" hostname="DESKTOP-UVENGDO" name="GroupCalc.Calculator.test.Minus2Operands" tests="1" failures="0" timestamp="11 окт 2017 10:57:04 GMT" time="46.316" errors="0">
  <testcase name="testMinus2Operands" time="46.316" classname="GroupCalc.Calculator.test.Minus2Operands"/>
</testsuite> <!-- GroupCalc.Calculator.test.Minus2Operands -->
