<?xml version="1.0" encoding="UTF-8"?>
<!-- Generated by org.testng.reporters.JUnitReportReporter -->
<testsuite skipped="0" hostname="DenisPC" name="GroupCalc.Calculator.test.Smoke" tests="1" failures="0" timestamp="24 сен 2017 08:32:49 GMT" time="2.183" errors="0">
  <testcase name="smokeTest" time="2.183" classname="GroupCalc.Calculator.test.Smoke"/>
</testsuite> <!-- GroupCalc.Calculator.test.Smoke -->
