<?xml version="1.0" encoding="UTF-8"?>
<!-- Generated by org.testng.reporters.JUnitReportReporter -->
<testsuite skipped="0" hostname="DESKTOP-UVENGDO" name="GroupCalc.Calculator.test.PlusTest" tests="1" failures="0" timestamp="28 сен 2017 14:23:17 GMT" time="1.241" errors="0">
  <testcase name="smokePlus" time="1.241" classname="GroupCalc.Calculator.test.PlusTest"/>
</testsuite> <!-- GroupCalc.Calculator.test.PlusTest -->
