<?xml version="1.0" encoding="UTF-8"?>
<!-- Generated by org.testng.reporters.JUnitReportReporter -->
<testsuite skipped="0" hostname="DESKTOP-UVENGDO" name="GroupCalc.Calculator.test.PlusNegativeOperands" tests="1" failures="0" timestamp="29 сен 2017 08:14:14 GMT" time="5.711" errors="0">
  <testcase name="f" time="5.711" classname="GroupCalc.Calculator.test.PlusNegativeOperands"/>
</testsuite> <!-- GroupCalc.Calculator.test.PlusNegativeOperands -->
