<?xml version="1.0" encoding="UTF-8"?>
<!-- Generated by org.testng.reporters.JUnitReportReporter -->
<testsuite skipped="0" hostname="DESKTOP-UVENGDO" name="GroupCalc.Calculator.test.PressAllButtons" tests="2" failures="0" timestamp="10 окт 2017 14:38:16 GMT" time="5.086" errors="0">
  <testcase name="pressZero" time="0.642" classname="GroupCalc.Calculator.test.PressAllButtons"/>
  <testcase name="pressFromOneToNine" time="4.444" classname="GroupCalc.Calculator.test.PressAllButtons"/>
</testsuite> <!-- GroupCalc.Calculator.test.PressAllButtons -->
